override_dh_auto_configure dh_auto_configure
dh_auto_configure
dh_auto_build
dh_auto_test
dh_prep
dh_installdirs
override_dh_auto_install dh_auto_install
dh_auto_install
dh_install
dh_installdocs
dh_sphinxdoc
dh_installchangelogs
dh_installexamples
override_dh_installman dh_installman
dh_installman
dh_installcatalogs
dh_installcron
dh_installdebconf
dh_installemacsen
dh_installifupdown
dh_installinfo
override_dh_systemd_enable dh_systemd_enable
dh_systemd_enable
override_dh_installinit dh_installinit
dh_installinit
override_dh_systemd_start dh_systemd_start
dh_systemd_start
dh_installmenu
dh_installmime
dh_installmodules
dh_installlogcheck
dh_installlogrotate
dh_installpam
dh_installppp
dh_installudev
dh_installwm
dh_installxfonts
dh_installgsettings
dh_bugfiles
dh_ucf
dh_lintian
dh_gconf
dh_icons
dh_perl
dh_usrlocal
dh_link
dh_linktree
dh_compress
override_dh_fixperms dh_fixperms
dh_fixperms
override_dh_strip dh_strip
dh_strip
dh_makeshlibs
dh_installdeb
dh_gencontrol
dh_md5sums
dh_builddeb
dh_builddeb
dh_builddeb
dh_builddeb
